<?xml version="1.0" encoding="UTF-8"?>
<!-- Generated by org.testng.reporters.JUnitReportReporter -->
<testsuite hostname="DESKTOP-MDL60IH" name="com.yourcompany.SampleSauceTest" tests="1" failures="0" timestamp="15 Jun 2016 01:56:28 GMT" time="84.825" errors="0">
  <testcase name="main" time="84.825" classname="com.yourcompany.SampleSauceTest"/>
</testsuite> <!-- com.yourcompany.SampleSauceTest -->
