<?xml version="1.0" encoding="UTF-8"?>
<!-- Generated by org.testng.reporters.JUnitReportReporter -->
<testsuite hostname="DESKTOP-MDL60IH" name="com.yourcompany.SampleSauceTest" tests="1" failures="0" timestamp="11 Jun 2016 03:43:45 GMT" time="15.729" errors="0">
  <testcase name="main" time="15.729" classname="com.yourcompany.SampleSauceTest"/>
</testsuite> <!-- com.yourcompany.SampleSauceTest -->
